<?xml version="1.0" encoding="UTF-8"?>
<!-- Generated by org.testng.reporters.JUnitXMLReporter -->
<testsuite ignored="0" hostname="Muzammil" failures="0" tests="3" name="Surefire test" time="35.77" errors="0" timestamp="2024-09-16T19:02:55 GST">
  <testcase classname="tests.SubscriptionTests" name="validateBahrainSubscriptionPrices" time="14.701"/>
  <testcase classname="tests.SubscriptionTests" name="validateKuwaitSubscriptionPrices" time="3.864"/>
  <testcase classname="tests.SubscriptionTests" name="validateSubscriptionPrices" time="13.325"/>
</testsuite> <!-- Surefire test -->
