<?xml version="1.0" encoding="UTF-8"?>
<testng-results ignored="0" total="3" passed="3" failed="0" skipped="0">
  <reporter-output>
  </reporter-output>
  <suite started-at="2024-09-16T19:02:19 GST" name="Surefire suite" finished-at="2024-09-16T19:02:55 GST" duration-ms="35770">
    <groups>
    </groups>
    <test started-at="2024-09-16T19:02:19 GST" name="Surefire test" finished-at="2024-09-16T19:02:55 GST" duration-ms="35770">
      <class name="tests.SubscriptionTests">
        <test-method is-config="true" signature="setUp()[pri:0, instance:tests.SubscriptionTests@78e94dcf]" started-at="2024-09-16T19:02:19 GST" name="setUp" finished-at="2024-09-16T19:02:22 GST" duration-ms="2542" status="PASS">
          <reporter-output>
          </reporter-output>
        </test-method> <!-- setUp -->
        <test-method is-config="true" signature="setUpPage()[pri:0, instance:tests.SubscriptionTests@78e94dcf]" started-at="2024-09-16T19:02:22 GST" name="setUpPage" finished-at="2024-09-16T19:02:22 GST" duration-ms="2" status="PASS">
          <reporter-output>
          </reporter-output>
        </test-method> <!-- setUpPage -->
        <test-method signature="validateBahrainSubscriptionPrices()[pri:0, instance:tests.SubscriptionTests@78e94dcf]" started-at="2024-09-16T19:02:22 GST" name="validateBahrainSubscriptionPrices" finished-at="2024-09-16T19:02:37 GST" duration-ms="14701" status="PASS">
          <reporter-output>
          </reporter-output>
        </test-method> <!-- validateBahrainSubscriptionPrices -->
        <test-method signature="validateKuwaitSubscriptionPrices()[pri:0, instance:tests.SubscriptionTests@78e94dcf]" started-at="2024-09-16T19:02:37 GST" name="validateKuwaitSubscriptionPrices" finished-at="2024-09-16T19:02:41 GST" duration-ms="3864" status="PASS">
          <reporter-output>
          </reporter-output>
        </test-method> <!-- validateKuwaitSubscriptionPrices -->
        <test-method signature="validateSubscriptionPrices()[pri:0, instance:tests.SubscriptionTests@78e94dcf]" started-at="2024-09-16T19:02:41 GST" name="validateSubscriptionPrices" finished-at="2024-09-16T19:02:54 GST" duration-ms="13325" status="PASS">
          <reporter-output>
          </reporter-output>
        </test-method> <!-- validateSubscriptionPrices -->
        <test-method is-config="true" signature="tearDown()[pri:0, instance:tests.SubscriptionTests@78e94dcf]" started-at="2024-09-16T19:02:54 GST" name="tearDown" finished-at="2024-09-16T19:02:55 GST" duration-ms="1310" status="PASS">
          <reporter-output>
          </reporter-output>
        </test-method> <!-- tearDown -->
      </class> <!-- tests.SubscriptionTests -->
    </test> <!-- Surefire test -->
  </suite> <!-- Surefire suite -->
</testng-results>
